<?xml version="1.0" encoding="UTF-8"?>
<testng-results ignored="0" total="1" passed="1" failed="0" skipped="0">
  <reporter-output>
  </reporter-output>
  <suite started-at="2020-09-29T22:02:48 NZDT" name="Default suite" finished-at="2020-09-29T22:02:59 NZDT" duration-ms="11237">
    <groups>
    </groups>
    <test started-at="2020-09-29T22:02:48 NZDT" name="Default test" finished-at="2020-09-29T22:02:59 NZDT" duration-ms="11237">
      <class name="TestCases.carDetailsTest">
        <test-method signature="searchTest()[pri:0, instance:TestCases.carDetailsTest@10aa41f2]" started-at="2020-09-29T22:02:48 NZDT" name="searchTest" finished-at="2020-09-29T22:02:59 NZDT" duration-ms="11185" status="PASS">
          <reporter-output>
          </reporter-output>
        </test-method> <!-- searchTest -->
      </class> <!-- TestCases.carDetailsTest -->
    </test> <!-- Default test -->
  </suite> <!-- Default suite -->
</testng-results>
